<?xml version="1.0" encoding="UTF-8"?>
<ns2:test-suite xmlns:ns2="urn:model.allure.qatools.yandex.ru" start="1497612160968" stop="1497612184637">
	<name>istock login page validations</name>
	<title>istock login page validations</title>
	<test-cases>
		<test-case start="1497612160969" stop="1497612169905" status="passed">
			<name>it should navigate to istock homepage</name>
			<title>it should navigate to istock homepage</title>
			<description></description>
			<labels>
			</labels>
			<parameters>
			</parameters>
			<steps>
			</steps>
			<attachments>
				<attachment title="Screenshot" source="9e557365-a842-4fa7-a7db-7464a4c296d6-attachment.png" type="image/png" size="1324339"/>
			</attachments>
		</test-case>
		<test-case start="1497612169905" stop="1497612183661" status="failed">
			<name>it should test valid credentials for application</name>
			<title>it should test valid credentials for application</title>
			<description></description>
			<labels>
			</labels>
			<parameters>
			</parameters>
			<steps>
			</steps>
			<attachments>
				<attachment title="Screenshot" source="67cfc779-8e76-444e-8e4f-748290951dff-attachment.png" type="image/png" size="1104532"/>
			</attachments>
			<failure>
				<message>Expected false to be true.</message>
				<stack-trace>Error: Failed expectation
    at Object.&lt;anonymous&gt; (/Users/cts/Documents/Protractorwithunitapi/SpecFiles/istock_spec.js:17:37)
    at /Users/cts/Documents/Protractorwithunitapi/node_modules/grunt-protractor-runner/node_modules/jasminewd2/index.js:94:23
    at new ManagedPromise (/Users/cts/Documents/Protractorwithunitapi/node_modules/grunt-protractor-runner/node_modules/selenium-webdriver/lib/promise.js:1082:7)
    at controlFlowExecute (/Users/cts/Documents/Protractorwithunitapi/node_modules/grunt-protractor-runner/node_modules/jasminewd2/index.js:80:18)
    at TaskQueue.execute_ (/Users/cts/Documents/Protractorwithunitapi/node_modules/grunt-protractor-runner/node_modules/selenium-webdriver/lib/promise.js:2913:14)
    at TaskQueue.executeNext_ (/Users/cts/Documents/Protractorwithunitapi/node_modules/grunt-protractor-runner/node_modules/selenium-webdriver/lib/promise.js:2896:21)
    at asyncRun (/Users/cts/Documents/Protractorwithunitapi/node_modules/grunt-protractor-runner/node_modules/selenium-webdriver/lib/promise.js:2820:25)
    at /Users/cts/Documents/Protractorwithunitapi/node_modules/grunt-protractor-runner/node_modules/selenium-webdriver/lib/promise.js:639:7
    at process._tickCallback (internal/process/next_tick.js:103:7)</stack-trace>
			</failure>
		</test-case>
		<test-case start="1497612183661" stop="1497612184192" status="failed">
			<name>it should logout the application</name>
			<title>it should logout the application</title>
			<description></description>
			<labels>
			</labels>
			<parameters>
			</parameters>
			<steps>
			</steps>
			<attachments>
				<attachment title="Screenshot" source="e6380c9e-3511-48ab-a899-796ba27ba3bb-attachment.png" type="image/png" size="1104547"/>
			</attachments>
			<failure>
				<message>Failed: No element found using locator: By(css selector, .wide-header.right-off-canvas-toggle-menu)</message>
				<stack-trace>NoSuchElementError: No element found using locator: By(css selector, .wide-header.right-off-canvas-toggle-menu)
    at WebDriverError (/Users/cts/Documents/Protractorwithunitapi/node_modules/grunt-protractor-runner/node_modules/selenium-webdriver/lib/error.js:27:5)
    at NoSuchElementError (/Users/cts/Documents/Protractorwithunitapi/node_modules/grunt-protractor-runner/node_modules/selenium-webdriver/lib/error.js:242:5)
    at /Users/cts/Documents/Protractorwithunitapi/node_modules/grunt-protractor-runner/node_modules/protractor/built/element.js:808:27
    at ManagedPromise.invokeCallback_ (/Users/cts/Documents/Protractorwithunitapi/node_modules/grunt-protractor-runner/node_modules/selenium-webdriver/lib/promise.js:1379:14)
    at TaskQueue.execute_ (/Users/cts/Documents/Protractorwithunitapi/node_modules/grunt-protractor-runner/node_modules/selenium-webdriver/lib/promise.js:2913:14)
    at TaskQueue.executeNext_ (/Users/cts/Documents/Protractorwithunitapi/node_modules/grunt-protractor-runner/node_modules/selenium-webdriver/lib/promise.js:2896:21)
    at asyncRun (/Users/cts/Documents/Protractorwithunitapi/node_modules/grunt-protractor-runner/node_modules/selenium-webdriver/lib/promise.js:2775:27)
    at /Users/cts/Documents/Protractorwithunitapi/node_modules/grunt-protractor-runner/node_modules/selenium-webdriver/lib/promise.js:639:7
    at process._tickCallback (internal/process/next_tick.js:103:7)Error
    at ElementArrayFinder.applyAction_ (/Users/cts/Documents/Protractorwithunitapi/node_modules/grunt-protractor-runner/node_modules/protractor/built/element.js:461:27)
    at ElementArrayFinder._this.(anonymous function) [as click] (/Users/cts/Documents/Protractorwithunitapi/node_modules/grunt-protractor-runner/node_modules/protractor/built/element.js:103:30)
    at ElementFinder.(anonymous function) [as click] (/Users/cts/Documents/Protractorwithunitapi/node_modules/grunt-protractor-runner/node_modules/protractor/built/element.js:829:22)
    at Object.&lt;anonymous&gt; (/Users/cts/Documents/Protractorwithunitapi/SpecFiles/istock_spec.js:20:17)
    at /Users/cts/Documents/Protractorwithunitapi/node_modules/grunt-protractor-runner/node_modules/jasminewd2/index.js:94:23
    at new ManagedPromise (/Users/cts/Documents/Protractorwithunitapi/node_modules/grunt-protractor-runner/node_modules/selenium-webdriver/lib/promise.js:1082:7)
    at controlFlowExecute (/Users/cts/Documents/Protractorwithunitapi/node_modules/grunt-protractor-runner/node_modules/jasminewd2/index.js:80:18)
    at TaskQueue.execute_ (/Users/cts/Documents/Protractorwithunitapi/node_modules/grunt-protractor-runner/node_modules/selenium-webdriver/lib/promise.js:2913:14)
    at TaskQueue.executeNext_ (/Users/cts/Documents/Protractorwithunitapi/node_modules/grunt-protractor-runner/node_modules/selenium-webdriver/lib/promise.js:2896:21)
    at asyncRun (/Users/cts/Documents/Protractorwithunitapi/node_modules/grunt-protractor-runner/node_modules/selenium-webdriver/lib/promise.js:2820:25)
    at /Users/cts/Documents/Protractorwithunitapi/node_modules/grunt-protractor-runner/node_modules/selenium-webdriver/lib/promise.js:639:7
    at process._tickCallback (internal/process/next_tick.js:103:7)
From: Task: Run it(&quot;it should logout the application&quot;) in control flow
    at Object.&lt;anonymous&gt; (/Users/cts/Documents/Protractorwithunitapi/node_modules/grunt-protractor-runner/node_modules/jasminewd2/index.js:79:14)
    at attemptAsync (/Users/cts/Documents/Protractorwithunitapi/node_modules/grunt-protractor-runner/node_modules/jasmine-core/lib/jasmine-core/jasmine.js:1916:24)
    at QueueRunner.run (/Users/cts/Documents/Protractorwithunitapi/node_modules/grunt-protractor-runner/node_modules/jasmine-core/lib/jasmine-core/jasmine.js:1871:9)
    at QueueRunner.execute (/Users/cts/Documents/Protractorwithunitapi/node_modules/grunt-protractor-runner/node_modules/jasmine-core/lib/jasmine-core/jasmine.js:1859:10)
    at Spec.queueRunnerFactory (/Users/cts/Documents/Protractorwithunitapi/node_modules/grunt-protractor-runner/node_modules/jasmine-core/lib/jasmine-core/jasmine.js:697:35)
    at Spec.execute (/Users/cts/Documents/Protractorwithunitapi/node_modules/grunt-protractor-runner/node_modules/jasmine-core/lib/jasmine-core/jasmine.js:359:10)
    at Object.fn (/Users/cts/Documents/Protractorwithunitapi/node_modules/grunt-protractor-runner/node_modules/jasmine-core/lib/jasmine-core/jasmine.js:2479:37)
    at attemptAsync (/Users/cts/Documents/Protractorwithunitapi/node_modules/grunt-protractor-runner/node_modules/jasmine-core/lib/jasmine-core/jasmine.js:1916:24)
    at QueueRunner.run (/Users/cts/Documents/Protractorwithunitapi/node_modules/grunt-protractor-runner/node_modules/jasmine-core/lib/jasmine-core/jasmine.js:1871:9)
    at /Users/cts/Documents/Protractorwithunitapi/node_modules/grunt-protractor-runner/node_modules/jasmine-core/lib/jasmine-core/jasmine.js:1898:16
    at /Users/cts/Documents/Protractorwithunitapi/node_modules/grunt-protractor-runner/node_modules/jasmine-core/lib/jasmine-core/jasmine.js:1842:9
    at complete (/Users/cts/Documents/Protractorwithunitapi/node_modules/grunt-protractor-runner/node_modules/jasmine-core/lib/jasmine-core/jasmine.js:371:9)
    at QueueRunner.clearStack (/Users/cts/Documents/Protractorwithunitapi/node_modules/grunt-protractor-runner/node_modules/jasmine-core/lib/jasmine-core/jasmine.js:660:9)
    at QueueRunner.run (/Users/cts/Documents/Protractorwithunitapi/node_modules/grunt-protractor-runner/node_modules/jasmine-core/lib/jasmine-core/jasmine.js:1881:12)
    at /Users/cts/Documents/Protractorwithunitapi/node_modules/grunt-protractor-runner/node_modules/jasmine-core/lib/jasmine-core/jasmine.js:1898:16
    at /Users/cts/Documents/Protractorwithunitapi/node_modules/grunt-protractor-runner/node_modules/jasmine-core/lib/jasmine-core/jasmine.js:1842:9
    at /Users/cts/Documents/Protractorwithunitapi/Conffiles/conf_jenkins.js:41:9
    at ManagedPromise.invokeCallback_ (/Users/cts/Documents/Protractorwithunitapi/node_modules/grunt-protractor-runner/node_modules/selenium-webdriver/lib/promise.js:1379:14)
    at TaskQueue.execute_ (/Users/cts/Documents/Protractorwithunitapi/node_modules/grunt-protractor-runner/node_modules/selenium-webdriver/lib/promise.js:2913:14)
    at TaskQueue.executeNext_ (/Users/cts/Documents/Protractorwithunitapi/node_modules/grunt-protractor-runner/node_modules/selenium-webdriver/lib/promise.js:2896:21)
    at asyncRun (/Users/cts/Documents/Protractorwithunitapi/node_modules/grunt-protractor-runner/node_modules/selenium-webdriver/lib/promise.js:2775:27)
    at /Users/cts/Documents/Protractorwithunitapi/node_modules/grunt-protractor-runner/node_modules/selenium-webdriver/lib/promise.js:639:7
    at process._tickCallback (internal/process/next_tick.js:103:7)
From asynchronous test: 
Error
    at Suite.&lt;anonymous&gt; (/Users/cts/Documents/Protractorwithunitapi/SpecFiles/istock_spec.js:19:4)
    at addSpecsToSuite (/Users/cts/Documents/Protractorwithunitapi/node_modules/grunt-protractor-runner/node_modules/jasmine-core/lib/jasmine-core/jasmine.js:833:25)
    at Env.describe (/Users/cts/Documents/Protractorwithunitapi/node_modules/grunt-protractor-runner/node_modules/jasmine-core/lib/jasmine-core/jasmine.js:802:7)
    at describe (/Users/cts/Documents/Protractorwithunitapi/node_modules/grunt-protractor-runner/node_modules/jasmine-core/lib/jasmine-core/jasmine.js:3375:18)
    at Object.&lt;anonymous&gt; (/Users/cts/Documents/Protractorwithunitapi/SpecFiles/istock_spec.js:6:1)
    at Module._compile (module.js:570:32)
    at Object.Module._extensions..js (module.js:579:10)
    at Module.load (/Users/cts/Documents/Protractorwithunitapi/node_modules/coffee-script/lib/coffee-script/register.js:45:36)
    at tryModuleLoad (module.js:446:12)
    at Function.Module._load (module.js:438:3)
    at Module.require (module.js:497:17)
    at require (internal/module.js:20:19)
    at /Users/cts/Documents/Protractorwithunitapi/node_modules/grunt-protractor-runner/node_modules/jasmine/lib/jasmine.js:71:5
    at Array.forEach (native)
    at Jasmine.loadSpecs (/Users/cts/Documents/Protractorwithunitapi/node_modules/grunt-protractor-runner/node_modules/jasmine/lib/jasmine.js:70:18)
    at Jasmine.execute (/Users/cts/Documents/Protractorwithunitapi/node_modules/grunt-protractor-runner/node_modules/jasmine/lib/jasmine.js:154:8)
    at /Users/cts/Documents/Protractorwithunitapi/node_modules/grunt-protractor-runner/node_modules/protractor/built/frameworks/jasmine.js:129:15
    at Function.promise (/Users/cts/Documents/Protractorwithunitapi/node_modules/q/q.js:682:9)
    at /Users/cts/Documents/Protractorwithunitapi/node_modules/grunt-protractor-runner/node_modules/protractor/built/frameworks/jasmine.js:101:14
    at _fulfilled (/Users/cts/Documents/Protractorwithunitapi/node_modules/q/q.js:834:54)
    at self.promiseDispatch.done (/Users/cts/Documents/Protractorwithunitapi/node_modules/q/q.js:863:30)
    at Promise.promise.promiseDispatch (/Users/cts/Documents/Protractorwithunitapi/node_modules/q/q.js:796:13)
    at /Users/cts/Documents/Protractorwithunitapi/node_modules/q/q.js:556:49
    at runSingle (/Users/cts/Documents/Protractorwithunitapi/node_modules/q/q.js:137:13)
    at flush (/Users/cts/Documents/Protractorwithunitapi/node_modules/q/q.js:125:13)
    at _combinedTickCallback (internal/process/next_tick.js:67:7)
    at process._tickCallback (internal/process/next_tick.js:98:9)</stack-trace>
			</failure>
		</test-case>
		<test-case start="1497612184192" stop="1497612184636" status="failed">
			<name>it should test invalid credentials for application</name>
			<title>it should test invalid credentials for application</title>
			<description></description>
			<labels>
			</labels>
			<parameters>
			</parameters>
			<steps>
			</steps>
			<attachments>
				<attachment title="Screenshot" source="1c5ea2bd-3795-482a-a944-9e3da8ad9a36-attachment.png" type="image/png" size="1104532"/>
			</attachments>
			<failure>
				<message>Failed: No element found using locator: By(link text, Sign in)</message>
				<stack-trace>NoSuchElementError: No element found using locator: By(link text, Sign in)
    at WebDriverError (/Users/cts/Documents/Protractorwithunitapi/node_modules/grunt-protractor-runner/node_modules/selenium-webdriver/lib/error.js:27:5)
    at NoSuchElementError (/Users/cts/Documents/Protractorwithunitapi/node_modules/grunt-protractor-runner/node_modules/selenium-webdriver/lib/error.js:242:5)
    at /Users/cts/Documents/Protractorwithunitapi/node_modules/grunt-protractor-runner/node_modules/protractor/built/element.js:808:27
    at ManagedPromise.invokeCallback_ (/Users/cts/Documents/Protractorwithunitapi/node_modules/grunt-protractor-runner/node_modules/selenium-webdriver/lib/promise.js:1379:14)
    at TaskQueue.execute_ (/Users/cts/Documents/Protractorwithunitapi/node_modules/grunt-protractor-runner/node_modules/selenium-webdriver/lib/promise.js:2913:14)
    at TaskQueue.executeNext_ (/Users/cts/Documents/Protractorwithunitapi/node_modules/grunt-protractor-runner/node_modules/selenium-webdriver/lib/promise.js:2896:21)
    at asyncRun (/Users/cts/Documents/Protractorwithunitapi/node_modules/grunt-protractor-runner/node_modules/selenium-webdriver/lib/promise.js:2775:27)
    at /Users/cts/Documents/Protractorwithunitapi/node_modules/grunt-protractor-runner/node_modules/selenium-webdriver/lib/promise.js:639:7
    at process._tickCallback (internal/process/next_tick.js:103:7)Error
    at ElementArrayFinder.applyAction_ (/Users/cts/Documents/Protractorwithunitapi/node_modules/grunt-protractor-runner/node_modules/protractor/built/element.js:461:27)
    at ElementArrayFinder._this.(anonymous function) [as click] (/Users/cts/Documents/Protractorwithunitapi/node_modules/grunt-protractor-runner/node_modules/protractor/built/element.js:103:30)
    at ElementFinder.(anonymous function) [as click] (/Users/cts/Documents/Protractorwithunitapi/node_modules/grunt-protractor-runner/node_modules/protractor/built/element.js:829:22)
    at Object.&lt;anonymous&gt; (/Users/cts/Documents/Protractorwithunitapi/SpecFiles/istock_spec.js:25:19)
    at /Users/cts/Documents/Protractorwithunitapi/node_modules/grunt-protractor-runner/node_modules/jasminewd2/index.js:94:23
    at new ManagedPromise (/Users/cts/Documents/Protractorwithunitapi/node_modules/grunt-protractor-runner/node_modules/selenium-webdriver/lib/promise.js:1082:7)
    at controlFlowExecute (/Users/cts/Documents/Protractorwithunitapi/node_modules/grunt-protractor-runner/node_modules/jasminewd2/index.js:80:18)
    at TaskQueue.execute_ (/Users/cts/Documents/Protractorwithunitapi/node_modules/grunt-protractor-runner/node_modules/selenium-webdriver/lib/promise.js:2913:14)
    at TaskQueue.executeNext_ (/Users/cts/Documents/Protractorwithunitapi/node_modules/grunt-protractor-runner/node_modules/selenium-webdriver/lib/promise.js:2896:21)
    at asyncRun (/Users/cts/Documents/Protractorwithunitapi/node_modules/grunt-protractor-runner/node_modules/selenium-webdriver/lib/promise.js:2820:25)
    at /Users/cts/Documents/Protractorwithunitapi/node_modules/grunt-protractor-runner/node_modules/selenium-webdriver/lib/promise.js:639:7
    at process._tickCallback (internal/process/next_tick.js:103:7)
From: Task: Run it(&quot;it should test invalid credentials for application&quot;) in control flow
    at Object.&lt;anonymous&gt; (/Users/cts/Documents/Protractorwithunitapi/node_modules/grunt-protractor-runner/node_modules/jasminewd2/index.js:79:14)
    at attemptAsync (/Users/cts/Documents/Protractorwithunitapi/node_modules/grunt-protractor-runner/node_modules/jasmine-core/lib/jasmine-core/jasmine.js:1916:24)
    at QueueRunner.run (/Users/cts/Documents/Protractorwithunitapi/node_modules/grunt-protractor-runner/node_modules/jasmine-core/lib/jasmine-core/jasmine.js:1871:9)
    at QueueRunner.execute (/Users/cts/Documents/Protractorwithunitapi/node_modules/grunt-protractor-runner/node_modules/jasmine-core/lib/jasmine-core/jasmine.js:1859:10)
    at Spec.queueRunnerFactory (/Users/cts/Documents/Protractorwithunitapi/node_modules/grunt-protractor-runner/node_modules/jasmine-core/lib/jasmine-core/jasmine.js:697:35)
    at Spec.execute (/Users/cts/Documents/Protractorwithunitapi/node_modules/grunt-protractor-runner/node_modules/jasmine-core/lib/jasmine-core/jasmine.js:359:10)
    at Object.fn (/Users/cts/Documents/Protractorwithunitapi/node_modules/grunt-protractor-runner/node_modules/jasmine-core/lib/jasmine-core/jasmine.js:2479:37)
    at attemptAsync (/Users/cts/Documents/Protractorwithunitapi/node_modules/grunt-protractor-runner/node_modules/jasmine-core/lib/jasmine-core/jasmine.js:1916:24)
    at QueueRunner.run (/Users/cts/Documents/Protractorwithunitapi/node_modules/grunt-protractor-runner/node_modules/jasmine-core/lib/jasmine-core/jasmine.js:1871:9)
    at /Users/cts/Documents/Protractorwithunitapi/node_modules/grunt-protractor-runner/node_modules/jasmine-core/lib/jasmine-core/jasmine.js:1898:16
    at /Users/cts/Documents/Protractorwithunitapi/node_modules/grunt-protractor-runner/node_modules/jasmine-core/lib/jasmine-core/jasmine.js:1842:9
    at complete (/Users/cts/Documents/Protractorwithunitapi/node_modules/grunt-protractor-runner/node_modules/jasmine-core/lib/jasmine-core/jasmine.js:371:9)
    at QueueRunner.clearStack (/Users/cts/Documents/Protractorwithunitapi/node_modules/grunt-protractor-runner/node_modules/jasmine-core/lib/jasmine-core/jasmine.js:660:9)
    at QueueRunner.run (/Users/cts/Documents/Protractorwithunitapi/node_modules/grunt-protractor-runner/node_modules/jasmine-core/lib/jasmine-core/jasmine.js:1881:12)
    at /Users/cts/Documents/Protractorwithunitapi/node_modules/grunt-protractor-runner/node_modules/jasmine-core/lib/jasmine-core/jasmine.js:1898:16
    at /Users/cts/Documents/Protractorwithunitapi/node_modules/grunt-protractor-runner/node_modules/jasmine-core/lib/jasmine-core/jasmine.js:1842:9
    at /Users/cts/Documents/Protractorwithunitapi/Conffiles/conf_jenkins.js:41:9
    at ManagedPromise.invokeCallback_ (/Users/cts/Documents/Protractorwithunitapi/node_modules/grunt-protractor-runner/node_modules/selenium-webdriver/lib/promise.js:1379:14)
    at TaskQueue.execute_ (/Users/cts/Documents/Protractorwithunitapi/node_modules/grunt-protractor-runner/node_modules/selenium-webdriver/lib/promise.js:2913:14)
    at TaskQueue.executeNext_ (/Users/cts/Documents/Protractorwithunitapi/node_modules/grunt-protractor-runner/node_modules/selenium-webdriver/lib/promise.js:2896:21)
    at asyncRun (/Users/cts/Documents/Protractorwithunitapi/node_modules/grunt-protractor-runner/node_modules/selenium-webdriver/lib/promise.js:2775:27)
    at /Users/cts/Documents/Protractorwithunitapi/node_modules/grunt-protractor-runner/node_modules/selenium-webdriver/lib/promise.js:639:7
    at process._tickCallback (internal/process/next_tick.js:103:7)
From asynchronous test: 
Error
    at Suite.&lt;anonymous&gt; (/Users/cts/Documents/Protractorwithunitapi/SpecFiles/istock_spec.js:24:4)
    at addSpecsToSuite (/Users/cts/Documents/Protractorwithunitapi/node_modules/grunt-protractor-runner/node_modules/jasmine-core/lib/jasmine-core/jasmine.js:833:25)
    at Env.describe (/Users/cts/Documents/Protractorwithunitapi/node_modules/grunt-protractor-runner/node_modules/jasmine-core/lib/jasmine-core/jasmine.js:802:7)
    at describe (/Users/cts/Documents/Protractorwithunitapi/node_modules/grunt-protractor-runner/node_modules/jasmine-core/lib/jasmine-core/jasmine.js:3375:18)
    at Object.&lt;anonymous&gt; (/Users/cts/Documents/Protractorwithunitapi/SpecFiles/istock_spec.js:6:1)
    at Module._compile (module.js:570:32)
    at Object.Module._extensions..js (module.js:579:10)
    at Module.load (/Users/cts/Documents/Protractorwithunitapi/node_modules/coffee-script/lib/coffee-script/register.js:45:36)
    at tryModuleLoad (module.js:446:12)
    at Function.Module._load (module.js:438:3)
    at Module.require (module.js:497:17)
    at require (internal/module.js:20:19)
    at /Users/cts/Documents/Protractorwithunitapi/node_modules/grunt-protractor-runner/node_modules/jasmine/lib/jasmine.js:71:5
    at Array.forEach (native)
    at Jasmine.loadSpecs (/Users/cts/Documents/Protractorwithunitapi/node_modules/grunt-protractor-runner/node_modules/jasmine/lib/jasmine.js:70:18)
    at Jasmine.execute (/Users/cts/Documents/Protractorwithunitapi/node_modules/grunt-protractor-runner/node_modules/jasmine/lib/jasmine.js:154:8)
    at /Users/cts/Documents/Protractorwithunitapi/node_modules/grunt-protractor-runner/node_modules/protractor/built/frameworks/jasmine.js:129:15
    at Function.promise (/Users/cts/Documents/Protractorwithunitapi/node_modules/q/q.js:682:9)
    at /Users/cts/Documents/Protractorwithunitapi/node_modules/grunt-protractor-runner/node_modules/protractor/built/frameworks/jasmine.js:101:14
    at _fulfilled (/Users/cts/Documents/Protractorwithunitapi/node_modules/q/q.js:834:54)
    at self.promiseDispatch.done (/Users/cts/Documents/Protractorwithunitapi/node_modules/q/q.js:863:30)
    at Promise.promise.promiseDispatch (/Users/cts/Documents/Protractorwithunitapi/node_modules/q/q.js:796:13)
    at /Users/cts/Documents/Protractorwithunitapi/node_modules/q/q.js:556:49
    at runSingle (/Users/cts/Documents/Protractorwithunitapi/node_modules/q/q.js:137:13)
    at flush (/Users/cts/Documents/Protractorwithunitapi/node_modules/q/q.js:125:13)
    at _combinedTickCallback (internal/process/next_tick.js:67:7)
    at process._tickCallback (internal/process/next_tick.js:98:9)</stack-trace>
			</failure>
		</test-case>
	</test-cases>
</ns2:test-suite>